TN:
SF:src\v1\infra\database\mongodb\account-repository\account.ts
FN:5,add
FNF:1
FNH:1
FNDA:1,add
DA:1,1
DA:2,1
DA:3,1
DA:4,1
DA:5,1
DA:6,1
DA:7,1
DA:8,1
DA:9,1
DA:10,1
DA:11,1
DA:12,1
DA:13,1
LF:13
LH:13
BRDA:5,0,0,1
BRF:1
BRH:1
end_of_record
TN:
SF:src\v1\infra\database\mongodb\helpers\mongo.helper.ts
FN:6,connect
FN:9,disconnect
FN:12,getCollection
FN:15,map
FNF:4
FNH:4
FNDA:1,connect
FNDA:1,disconnect
FNDA:2,getCollection
FNDA:1,map
DA:1,1
DA:2,1
DA:3,1
DA:4,1
DA:5,1
DA:6,1
DA:7,1
DA:8,1
DA:9,1
DA:10,1
DA:11,1
DA:12,1
DA:13,2
DA:14,1
DA:15,1
DA:16,1
DA:17,1
DA:18,1
DA:19,1
LF:19
LH:19
BRDA:6,0,0,1
BRDA:9,1,0,1
BRDA:12,2,0,2
BRDA:15,3,0,1
BRF:4
BRH:4
end_of_record
TN:
SF:src\v1\main\adapters\express-routes.adapter.ts
FN:4,adaptRoute
FNF:1
FNH:1
FNDA:3,adaptRoute
DA:1,1
DA:2,1
DA:3,1
DA:4,1
DA:5,3
DA:6,1
DA:7,1
DA:8,1
DA:9,1
DA:10,1
DA:11,1
DA:12,1
DA:13,3
LF:13
LH:13
BRDA:4,0,0,3
BRDA:5,1,0,1
BRF:2
BRH:2
end_of_record
TN:
SF:src\v1\main\configs\app.ts
FNF:0
FNH:0
DA:1,1
DA:2,1
DA:3,1
DA:4,1
DA:5,1
DA:6,1
DA:7,1
DA:8,1
DA:9,1
DA:10,1
LF:10
LH:10
BRF:0
BRH:0
end_of_record
TN:
SF:src\v1\main\configs\middlewares.ts
FN:5,Object.<anonymous>.exports.default
FNF:1
FNH:1
FNDA:3,Object.<anonymous>.exports.default
DA:1,1
DA:2,1
DA:3,1
DA:4,1
DA:5,1
DA:6,3
DA:7,3
DA:8,3
DA:9,3
LF:9
LH:9
BRDA:5,0,0,3
BRF:1
BRH:1
end_of_record
TN:
SF:src\v1\main\configs\routes.ts
FN:4,Object.<anonymous>.exports.default
FNF:1
FNH:1
FNDA:3,Object.<anonymous>.exports.default
DA:1,1
DA:2,1
DA:3,1
DA:4,1
DA:5,3
DA:6,3
DA:7,3
DA:8,3
DA:9,3
DA:10,3
DA:11,3
LF:11
LH:11
BRDA:4,0,0,3
BRDA:7,1,0,3
BRDA:8,2,0,3
BRF:3
BRH:3
end_of_record
TN:
SF:src\v1\main\routes\signup.route.ts
FN:5,Object.<anonymous>.exports.default
FNF:1
FNH:1
FNDA:3,Object.<anonymous>.exports.default
DA:1,1
DA:2,1
DA:3,1
DA:4,1
DA:5,1
DA:6,3
DA:7,3
LF:7
LH:7
BRDA:5,0,0,3
BRF:1
BRH:1
end_of_record
TN:
SF:src\v1\presentations\helpers\http.helper.ts
FN:4,badRequest
FN:9,serverError
FN:14,successRequest
FNF:3
FNH:1
FNDA:0,badRequest
FNDA:0,serverError
FNDA:1,successRequest
DA:1,1
DA:2,1
DA:3,1
DA:4,1
DA:5,0
DA:6,0
DA:7,0
DA:8,1
DA:9,1
DA:10,0
DA:11,0
DA:12,0
DA:13,1
DA:14,1
DA:15,1
DA:16,1
DA:17,1
LF:17
LH:11
BRDA:14,0,0,1
BRF:1
BRH:1
end_of_record
